build/app/intermediates/manifest_merge_blame_file/debug/manifest-merger-blame-debug-report.txt
1<?xml version="1.0" encoding="utf-8"?>
2<manifest xmlns:android="http://schemas.android.com/apk/res/android"
3    package="com.example.flutter_map"
4    android:versionCode="1"
5    android:versionName="1.0.0" >
6
7    <uses-sdk
8        android:minSdkVersion="16"
9        android:targetSdkVersion="28" />
10    <!--
11         Flutter needs it to communicate with the running application
12         to allow setting breakpoints, to provide hot reload, etc.
13    -->
14    <uses-permission android:name="android.permission.INTERNET" />
14-->src/debug/AndroidManifest.xml:6:5-66
14-->src/debug/AndroidManifest.xml:6:22-64
15    <!-- Include required permissions for Google Maps API to run. -->
16    <uses-permission android:name="android.permission.ACCESS_NETWORK_STATE" />
16-->[com.google.android.gms:play-services-maps:17.0.0] AndroidManifest.xml:23:5-79
16-->[com.google.android.gms:play-services-maps:17.0.0] AndroidManifest.xml:23:22-76
17
18    <uses-feature
18-->[com.google.android.gms:play-services-maps:17.0.0] AndroidManifest.xml:26:5-28:35
19        android:glEsVersion="0x00020000"
19-->[com.google.android.gms:play-services-maps:17.0.0] AndroidManifest.xml:27:9-41
20        android:required="true" />
20-->[com.google.android.gms:play-services-maps:17.0.0] AndroidManifest.xml:28:9-32
21
22    <uses-permission android:name="android.permission.WAKE_LOCK" />
22-->[com.google.android.gms:play-services-measurement:17.2.2] AndroidManifest.xml:25:5-68
22-->[com.google.android.gms:play-services-measurement:17.2.2] AndroidManifest.xml:25:22-65
23    <uses-permission android:name="com.google.android.finsky.permission.BIND_GET_INSTALL_REFERRER_SERVICE" /> <!-- Required by older versions of Google Play services to create IID tokens -->
23-->[com.google.android.gms:play-services-measurement:17.2.2] AndroidManifest.xml:26:5-110
23-->[com.google.android.gms:play-services-measurement:17.2.2] AndroidManifest.xml:26:22-107
24    <uses-permission android:name="com.google.android.c2dm.permission.RECEIVE" />
24-->[com.google.firebase:firebase-iid:20.0.2] AndroidManifest.xml:26:5-82
24-->[com.google.firebase:firebase-iid:20.0.2] AndroidManifest.xml:26:22-79
25    <!--
26 io.flutter.app.FlutterApplication is an android.app.Application that
27         calls FlutterMain.startInitialization(this); in its onCreate method.
28         In most cases you can leave this as-is, but you if you want to provide
29         additional functionality it is fine to subclass or reimplement
30         FlutterApplication and put your custom class here.
31    -->
32    <application
32-->src/main/AndroidManifest.xml:8:5-33:19
33        android:name="io.flutter.app.FlutterApplication"
33-->src/main/AndroidManifest.xml:9:9-57
34        android:appComponentFactory="androidx.core.app.CoreComponentFactory"
34-->[androidx.core:core:1.0.0] AndroidManifest.xml:22:18-86
35        android:debuggable="true"
36        android:icon="@mipmap/ic_launcher"
36-->src/main/AndroidManifest.xml:11:9-43
37        android:label="flutter_map" >
37-->src/main/AndroidManifest.xml:10:9-36
38        <meta-data
38-->src/main/AndroidManifest.xml:13:9-14:70
39            android:name="com.google.android.geo.API_KEY"
39-->src/main/AndroidManifest.xml:13:20-65
40            android:value="AIzaSyCYIxAFiMmIyDM6fhuLpASDFtGVuGc2Mu0" />
40-->src/main/AndroidManifest.xml:14:13-68
41
42        <activity
42-->src/main/AndroidManifest.xml:16:9-27:20
43            android:name="com.example.flutter_map.MainActivity"
43-->src/main/AndroidManifest.xml:17:13-41
44            android:configChanges="orientation|keyboardHidden|keyboard|screenSize|smallestScreenSize|locale|layoutDirection|fontScale|screenLayout|density|uiMode"
44-->src/main/AndroidManifest.xml:20:13-163
45            android:hardwareAccelerated="true"
45-->src/main/AndroidManifest.xml:21:13-47
46            android:launchMode="singleTop"
46-->src/main/AndroidManifest.xml:18:13-43
47            android:theme="@style/LaunchTheme"
47-->src/main/AndroidManifest.xml:19:13-47
48            android:windowSoftInputMode="adjustResize" >
48-->src/main/AndroidManifest.xml:22:13-55
49            <intent-filter>
49-->src/main/AndroidManifest.xml:23:13-26:29
50                <action android:name="android.intent.action.MAIN" />
50-->src/main/AndroidManifest.xml:24:17-68
50-->src/main/AndroidManifest.xml:24:25-66
51
52                <category android:name="android.intent.category.LAUNCHER" />
52-->src/main/AndroidManifest.xml:25:17-76
52-->src/main/AndroidManifest.xml:25:27-74
53            </intent-filter>
54        </activity>
55        <!--
56             Don't delete the meta-data below.
57             This is used by the Flutter tool to generate GeneratedPluginRegistrant.java
58        -->
59        <meta-data
59-->src/main/AndroidManifest.xml:30:9-32:33
60            android:name="flutterEmbedding"
60-->src/main/AndroidManifest.xml:31:13-44
61            android:value="2" />
61-->src/main/AndroidManifest.xml:32:13-30
62
63        <service
63-->[:firebase_auth] AndroidManifest.xml:8:9-12:19
64            android:name="com.google.firebase.components.ComponentDiscoveryService"
64-->[:firebase_auth] AndroidManifest.xml:8:18-89
65            android:directBootAware="true"
65-->[com.google.firebase:firebase-common:19.3.0] AndroidManifest.xml:34:13-43
66            android:exported="false" >
66-->[com.google.firebase:firebase-auth:19.2.0] AndroidManifest.xml:35:13-37
67            <meta-data
67-->[:firebase_auth] AndroidManifest.xml:9:13-11:85
68                android:name="com.google.firebase.components:io.flutter.plugins.firebaseauth.FlutterFirebaseAppRegistrar"
68-->[:firebase_auth] AndroidManifest.xml:10:17-122
69                android:value="com.google.firebase.components.ComponentRegistrar" />
69-->[:firebase_auth] AndroidManifest.xml:11:17-82
70            <meta-data
70-->[:firebase_database] AndroidManifest.xml:9:13-11:85
71                android:name="com.google.firebase.components:io.flutter.plugins.firebase.database.FlutterFirebaseAppRegistrar"
71-->[:firebase_database] AndroidManifest.xml:10:17-127
72                android:value="com.google.firebase.components.ComponentRegistrar" />
72-->[:firebase_database] AndroidManifest.xml:11:17-82
73            <meta-data
73-->[:firebase_core] AndroidManifest.xml:9:13-11:85
74                android:name="com.google.firebase.components:io.flutter.plugins.firebase.core.FlutterFirebaseAppRegistrar"
74-->[:firebase_core] AndroidManifest.xml:10:17-123
75                android:value="com.google.firebase.components.ComponentRegistrar" />
75-->[:firebase_core] AndroidManifest.xml:11:17-82
76            <meta-data
76-->[com.google.firebase:firebase-auth:19.2.0] AndroidManifest.xml:36:13-38:85
77                android:name="com.google.firebase.components:com.google.firebase.auth.FirebaseAuthRegistrar"
77-->[com.google.firebase:firebase-auth:19.2.0] AndroidManifest.xml:37:17-109
78                android:value="com.google.firebase.components.ComponentRegistrar" />
78-->[com.google.firebase:firebase-auth:19.2.0] AndroidManifest.xml:38:17-82
79            <meta-data
79-->[com.google.android.gms:play-services-measurement-api:17.2.2] AndroidManifest.xml:30:13-32:85
80                android:name="com.google.firebase.components:com.google.firebase.analytics.connector.internal.AnalyticsConnectorRegistrar"
80-->[com.google.android.gms:play-services-measurement-api:17.2.2] AndroidManifest.xml:31:17-139
81                android:value="com.google.firebase.components.ComponentRegistrar" />
81-->[com.google.android.gms:play-services-measurement-api:17.2.2] AndroidManifest.xml:32:17-82
82            <meta-data
82-->[com.google.firebase:firebase-database:17.0.0] AndroidManifest.xml:30:13-32:85
83                android:name="com.google.firebase.components:com.google.firebase.database.DatabaseRegistrar"
83-->[com.google.firebase:firebase-database:17.0.0] AndroidManifest.xml:31:17-109
84                android:value="com.google.firebase.components.ComponentRegistrar" />
84-->[com.google.firebase:firebase-database:17.0.0] AndroidManifest.xml:32:17-82
85            <meta-data
85-->[com.google.firebase:firebase-iid:20.0.2] AndroidManifest.xml:32:13-34:85
86                android:name="com.google.firebase.components:com.google.firebase.iid.Registrar"
86-->[com.google.firebase:firebase-iid:20.0.2] AndroidManifest.xml:33:17-96
87                android:value="com.google.firebase.components.ComponentRegistrar" />
87-->[com.google.firebase:firebase-iid:20.0.2] AndroidManifest.xml:34:17-82
88        </service>
89
90        <activity
90-->[com.google.firebase:firebase-auth:19.2.0] AndroidManifest.xml:24:9-31:50
91            android:name="com.google.firebase.auth.internal.FederatedSignInActivity"
91-->[com.google.firebase:firebase-auth:19.2.0] AndroidManifest.xml:25:13-85
92            android:excludeFromRecents="true"
92-->[com.google.firebase:firebase-auth:19.2.0] AndroidManifest.xml:26:13-46
93            android:exported="true"
93-->[com.google.firebase:firebase-auth:19.2.0] AndroidManifest.xml:27:13-36
94            android:launchMode="singleTask"
94-->[com.google.firebase:firebase-auth:19.2.0] AndroidManifest.xml:28:13-44
95            android:permission="com.google.firebase.auth.api.gms.permission.LAUNCH_FEDERATED_SIGN_IN"
95-->[com.google.firebase:firebase-auth:19.2.0] AndroidManifest.xml:29:13-102
96            android:theme="@android:style/Theme.Translucent.NoTitleBar" /> <!-- Needs to be explicitly declared on P+ -->
96-->[com.google.firebase:firebase-auth:19.2.0] AndroidManifest.xml:30:13-72
97        <uses-library
97-->[com.google.android.gms:play-services-maps:17.0.0] AndroidManifest.xml:33:9-35:40
98            android:name="org.apache.http.legacy"
98-->[com.google.android.gms:play-services-maps:17.0.0] AndroidManifest.xml:34:13-50
99            android:required="false" />
99-->[com.google.android.gms:play-services-maps:17.0.0] AndroidManifest.xml:35:13-37
100
101        <receiver
101-->[com.google.android.gms:play-services-measurement:17.2.2] AndroidManifest.xml:29:9-33:20
102            android:name="com.google.android.gms.measurement.AppMeasurementReceiver"
102-->[com.google.android.gms:play-services-measurement:17.2.2] AndroidManifest.xml:30:13-85
103            android:enabled="true"
103-->[com.google.android.gms:play-services-measurement:17.2.2] AndroidManifest.xml:31:13-35
104            android:exported="false" >
104-->[com.google.android.gms:play-services-measurement:17.2.2] AndroidManifest.xml:32:13-37
105        </receiver>
106        <receiver
106-->[com.google.android.gms:play-services-measurement:17.2.2] AndroidManifest.xml:34:9-42:20
107            android:name="com.google.android.gms.measurement.AppMeasurementInstallReferrerReceiver"
107-->[com.google.android.gms:play-services-measurement:17.2.2] AndroidManifest.xml:35:13-100
108            android:enabled="true"
108-->[com.google.android.gms:play-services-measurement:17.2.2] AndroidManifest.xml:36:13-35
109            android:exported="true"
109-->[com.google.android.gms:play-services-measurement:17.2.2] AndroidManifest.xml:37:13-36
110            android:permission="android.permission.INSTALL_PACKAGES" >
110-->[com.google.android.gms:play-services-measurement:17.2.2] AndroidManifest.xml:38:13-69
111            <intent-filter>
111-->[com.google.android.gms:play-services-measurement:17.2.2] AndroidManifest.xml:39:13-41:29
112                <action android:name="com.android.vending.INSTALL_REFERRER" />
112-->[com.google.android.gms:play-services-measurement:17.2.2] AndroidManifest.xml:40:17-79
112-->[com.google.android.gms:play-services-measurement:17.2.2] AndroidManifest.xml:40:25-76
113            </intent-filter>
114        </receiver>
115
116        <service
116-->[com.google.android.gms:play-services-measurement:17.2.2] AndroidManifest.xml:44:9-47:40
117            android:name="com.google.android.gms.measurement.AppMeasurementService"
117-->[com.google.android.gms:play-services-measurement:17.2.2] AndroidManifest.xml:45:13-84
118            android:enabled="true"
118-->[com.google.android.gms:play-services-measurement:17.2.2] AndroidManifest.xml:46:13-35
119            android:exported="false" />
119-->[com.google.android.gms:play-services-measurement:17.2.2] AndroidManifest.xml:47:13-37
120        <service
120-->[com.google.android.gms:play-services-measurement:17.2.2] AndroidManifest.xml:48:9-52:72
121            android:name="com.google.android.gms.measurement.AppMeasurementJobService"
121-->[com.google.android.gms:play-services-measurement:17.2.2] AndroidManifest.xml:49:13-87
122            android:enabled="true"
122-->[com.google.android.gms:play-services-measurement:17.2.2] AndroidManifest.xml:50:13-35
123            android:exported="false"
123-->[com.google.android.gms:play-services-measurement:17.2.2] AndroidManifest.xml:51:13-37
124            android:permission="android.permission.BIND_JOB_SERVICE" />
124-->[com.google.android.gms:play-services-measurement:17.2.2] AndroidManifest.xml:52:13-69
125
126        <receiver
126-->[com.google.firebase:firebase-iid:20.0.2] AndroidManifest.xml:37:9-44:20
127            android:name="com.google.firebase.iid.FirebaseInstanceIdReceiver"
127-->[com.google.firebase:firebase-iid:20.0.2] AndroidManifest.xml:38:13-78
128            android:exported="true"
128-->[com.google.firebase:firebase-iid:20.0.2] AndroidManifest.xml:39:13-36
129            android:permission="com.google.android.c2dm.permission.SEND" >
129-->[com.google.firebase:firebase-iid:20.0.2] AndroidManifest.xml:40:13-73
130            <intent-filter>
130-->[com.google.firebase:firebase-iid:20.0.2] AndroidManifest.xml:41:13-43:29
131                <action android:name="com.google.android.c2dm.intent.RECEIVE" />
131-->[com.google.firebase:firebase-iid:20.0.2] AndroidManifest.xml:42:17-81
131-->[com.google.firebase:firebase-iid:20.0.2] AndroidManifest.xml:42:25-78
132            </intent-filter>
133        </receiver>
134
135        <provider
135-->[com.google.firebase:firebase-common:19.3.0] AndroidManifest.xml:26:9-30:39
136            android:name="com.google.firebase.provider.FirebaseInitProvider"
136-->[com.google.firebase:firebase-common:19.3.0] AndroidManifest.xml:27:13-77
137            android:authorities="com.example.flutter_map.firebaseinitprovider"
137-->[com.google.firebase:firebase-common:19.3.0] AndroidManifest.xml:28:13-72
138            android:exported="false"
138-->[com.google.firebase:firebase-common:19.3.0] AndroidManifest.xml:29:13-37
139            android:initOrder="100" />
139-->[com.google.firebase:firebase-common:19.3.0] AndroidManifest.xml:30:13-36
140
141        <activity
141-->[com.google.android.gms:play-services-base:17.1.0] AndroidManifest.xml:23:9-26:75
142            android:name="com.google.android.gms.common.api.GoogleApiActivity"
142-->[com.google.android.gms:play-services-base:17.1.0] AndroidManifest.xml:24:13-79
143            android:exported="false"
143-->[com.google.android.gms:play-services-base:17.1.0] AndroidManifest.xml:25:13-37
144            android:theme="@android:style/Theme.Translucent.NoTitleBar" />
144-->[com.google.android.gms:play-services-base:17.1.0] AndroidManifest.xml:26:13-72
145
146        <meta-data
146-->[com.google.android.gms:play-services-basement:17.0.0] AndroidManifest.xml:23:9-25:69
147            android:name="com.google.android.gms.version"
147-->[com.google.android.gms:play-services-basement:17.0.0] AndroidManifest.xml:24:13-58
148            android:value="@integer/google_play_services_version" />
148-->[com.google.android.gms:play-services-basement:17.0.0] AndroidManifest.xml:25:13-66
149    </application>
150
151</manifest>